Created from template: |append [ot_log-%y-%m-%d_%H_%M_%s.log] 
Number of records: 100000
Lifetime: unlimited
Log format:
date time severity {session id} <category> [source]
label: message
===================================================

2025-Oct-01 17:16:29.740 ALW {N/A} <N/A> [OptimComponents Core]
========== Log start ==========

2025-Oct-01 17:16:29.740 INFO {N/A} <N/A> [OptimComponents Core]
Created session with ID 'vxmlDialog_0'.

2025-Oct-01 17:16:30.251 INFO {vxmlDialog_0} <Interpretation tracking> [VoiceXML interpreter]
Preparing document 'file:/C:/Users/blt3098a/Documents/UPSSITECH_3A_human_machine_dialogue-main/UPSSITECH_3A_human_machine_dialogue-main/AGENDA_V1/gestion_agenda_v1.vxml'.

2025-Oct-01 17:16:30.267 INFO {vxmlDialog_0} <Interpretation tracking> [VoiceXML interpreter]
Preparing of document 'file:/C:/Users/blt3098a/Documents/UPSSITECH_3A_human_machine_dialogue-main/UPSSITECH_3A_human_machine_dialogue-main/AGENDA_V1/gestion_agenda_v1.vxml' completed.
  result = success

2025-Oct-01 17:16:30.267 INFO {vxmlDialog_0} <Interpretation tracking> [VoiceXML interpreter]
Interpreting document 'file:/C:/Users/blt3098a/Documents/UPSSITECH_3A_human_machine_dialogue-main/UPSSITECH_3A_human_machine_dialogue-main/AGENDA_V1/gestion_agenda_v1.vxml'

2025-Oct-01 17:16:30.267 INFO {vxmlDialog_0} <Interpretation tracking> [VoiceXML interpreter]
Interpreting <form> with id 'agenda'; line 33; column 1.

2025-Oct-01 17:16:30.267 INFO {vxmlDialog_0} <Interpretation tracking> [VoiceXML interpreter]
Interpreting <block>; line 51; column 1.

2025-Oct-01 17:16:30.275 INFO {vxmlDialog_0} <Interpretation tracking> [VoiceXML interpreter]
Interpreting <field> with name 'num_abonne'; line 59; column 1.

2025-Oct-01 17:16:30.299 INFO {vxmlDialog_0} <Interpretation tracking> [VoiceXML interpreter]
Waiting for user's input.

2025-Oct-01 17:16:32.441 INFO {vxmlDialog_0} <Interpretation tracking> [VoiceXML interpreter]
User's input collection completed.

2025-Oct-01 17:16:32.441 INFO {vxmlDialog_0} <Interpretation tracking> [VoiceXML interpreter]
The following input was collected:
  utterance = quiter
  confidence = 1
  mode = voice

2025-Oct-01 17:16:32.441 INFO {vxmlDialog_0} <Interpretation tracking> [VoiceXML interpreter]
An event 'nomatch' was added to the event queue

2025-Oct-01 17:16:32.441 INFO {vxmlDialog_0} <Interpretation tracking> [VoiceXML interpreter]
Processing event 'nomatch'.
  Event origin = document 'file:/C:/Users/blt3098a/Documents/UPSSITECH_3A_human_machine_dialogue-main/UPSSITECH_3A_human_machine_dialogue-main/AGENDA_V1/gestion_agenda_v1.vxml'; line 59
  Handler location = document 'file:/C:/Users/blt3098a/Documents/UPSSITECH_3A_human_machine_dialogue-main/UPSSITECH_3A_human_machine_dialogue-main/AGENDA_V1/gestion_agenda_v1.vxml'; line 69, column 3

2025-Oct-01 17:16:32.441 INFO {vxmlDialog_0} <Interpretation tracking> [VoiceXML interpreter]
Interpreting <field> with name 'num_abonne'; line 59; column 1.

2025-Oct-01 17:16:32.441 INFO {vxmlDialog_0} <Interpretation tracking> [VoiceXML interpreter]
Waiting for user's input.

2025-Oct-01 17:16:38.104 INFO {vxmlDialog_0} <Interpretation tracking> [VoiceXML interpreter]
User's input collection completed.

2025-Oct-01 17:16:38.116 INFO {vxmlDialog_0} <Interpretation tracking> [VoiceXML interpreter]
The following input was collected:
  utterance = sors moi de l
  confidence = 1
  mode = voice

2025-Oct-01 17:16:38.116 INFO {vxmlDialog_0} <Interpretation tracking> [VoiceXML interpreter]
An event 'nomatch' was added to the event queue

2025-Oct-01 17:16:38.116 INFO {vxmlDialog_0} <Interpretation tracking> [VoiceXML interpreter]
Processing event 'nomatch'.
  Event origin = document 'file:/C:/Users/blt3098a/Documents/UPSSITECH_3A_human_machine_dialogue-main/UPSSITECH_3A_human_machine_dialogue-main/AGENDA_V1/gestion_agenda_v1.vxml'; line 59
  Handler location = document 'file:/C:/Users/blt3098a/Documents/UPSSITECH_3A_human_machine_dialogue-main/UPSSITECH_3A_human_machine_dialogue-main/AGENDA_V1/gestion_agenda_v1.vxml'; line 69, column 3

2025-Oct-01 17:16:38.120 INFO {vxmlDialog_0} <Interpretation tracking> [VoiceXML interpreter]
Interpreting <field> with name 'num_abonne'; line 59; column 1.

2025-Oct-01 17:16:38.120 INFO {vxmlDialog_0} <Interpretation tracking> [VoiceXML interpreter]
Waiting for user's input.

2025-Oct-01 17:16:42.999 INFO {vxmlDialog_0} <Interpretation tracking> [VoiceXML interpreter]
User's input collection completed.

2025-Oct-01 17:16:43.013 INFO {vxmlDialog_0} <Interpretation tracking> [VoiceXML interpreter]
The following input was collected:
  utterance = sors moi de la
  confidence = 1
  mode = voice

2025-Oct-01 17:16:43.013 INFO {vxmlDialog_0} <Interpretation tracking> [VoiceXML interpreter]
An event 'nomatch' was added to the event queue

2025-Oct-01 17:16:43.013 INFO {vxmlDialog_0} <Interpretation tracking> [VoiceXML interpreter]
Processing event 'nomatch'.
  Event origin = document 'file:/C:/Users/blt3098a/Documents/UPSSITECH_3A_human_machine_dialogue-main/UPSSITECH_3A_human_machine_dialogue-main/AGENDA_V1/gestion_agenda_v1.vxml'; line 59
  Handler location = document 'file:/C:/Users/blt3098a/Documents/UPSSITECH_3A_human_machine_dialogue-main/UPSSITECH_3A_human_machine_dialogue-main/AGENDA_V1/gestion_agenda_v1.vxml'; line 69, column 3

2025-Oct-01 17:16:43.017 INFO {vxmlDialog_0} <Interpretation tracking> [VoiceXML interpreter]
Interpreting <field> with name 'num_abonne'; line 59; column 1.

2025-Oct-01 17:16:43.017 INFO {vxmlDialog_0} <Interpretation tracking> [VoiceXML interpreter]
Waiting for user's input.

2025-Oct-01 17:16:49.064 INFO {vxmlDialog_0} <Interpretation tracking> [VoiceXML interpreter]
User has been disconnected.

2025-Oct-01 17:16:49.064 INFO {vxmlDialog_0} <Interpretation tracking> [VoiceXML interpreter]
An event 'connection.disconnect.hangup' was added to the event queue

2025-Oct-01 17:16:49.064 INFO {vxmlDialog_0} <Interpretation tracking> [VoiceXML interpreter]
User's input collection completed.

2025-Oct-01 17:16:49.064 INFO {vxmlDialog_0} <Interpretation tracking> [VoiceXML interpreter]
Processing event 'connection.disconnect.hangup'.
  Event origin = document 'file:/C:/Users/blt3098a/Documents/UPSSITECH_3A_human_machine_dialogue-main/UPSSITECH_3A_human_machine_dialogue-main/AGENDA_V1/gestion_agenda_v1.vxml'
  Handler location = platform default handler

2025-Oct-01 17:16:49.064 INFO {vxmlDialog_0} <Interpretation tracking> [VoiceXML interpreter]
Interpretation finished.
  value returned by <exit> = 
{
}
  value returned by <disconnect> = 
undefined

2025-Oct-01 17:16:49.154 INFO {N/A} <N/A> [OptimComponents Core]
Deleted session with ID 'vxmlDialog_0'.

