Created from template: |append [ot_log-%y-%m-%d_%H_%M_%s.log] 
Number of records: 100000
Lifetime: unlimited
Log format:
date time severity {session id} <category> [source]
label: message
===================================================

2025-Oct-20 14:04:27.252 ALW {N/A} <N/A> [OptimComponents Core]
========== Log start ==========

2025-Oct-20 14:04:27.252 INFO {N/A} <N/A> [OptimComponents Core]
Created session with ID 'vxmlDialog_0'.

2025-Oct-20 14:04:27.404 INFO {vxmlDialog_0} <Interpretation tracking> [VoiceXML interpreter]
Preparing document 'file:/C:/Users/windoz/Downloads/UPSSITECH_3A_human_machine_dialogue-main/AGENDA_V1/gestion_agenda_v1.vxml'.

2025-Oct-20 14:04:27.424 INFO {vxmlDialog_0} <Interpretation tracking> [VoiceXML interpreter]
An event 'error.badfetch' was added to the event queue

2025-Oct-20 14:04:27.424 INFO {vxmlDialog_0} <Interpretation tracking> [VoiceXML interpreter]
Preparing of document 'file:/C:/Users/windoz/Downloads/UPSSITECH_3A_human_machine_dialogue-main/AGENDA_V1/gestion_agenda_v1.vxml' completed.
  result = failure

2025-Oct-20 14:04:27.424 ERR  {vxmlDialog_0} <interpretation error> [VoiceXML interpreter]
The following error occurred during the interpretation: A VoiceXML event 'error.badfetch' was generated during preparing of a VoiceXML document. The following message was associated with the event: Cannot load document 'file:/C:/Users/windoz/Downloads/UPSSITECH_3A_human_machine_dialogue-main/AGENDA_V1/gestion_agenda_v1.vxml' since an error occurred in call to VoiceXML Document Processor. VoiceXML Document Processor reports: line 207, column 20; Unknown tag <br>.

2025-Oct-20 14:04:27.424 WARN {vxmlDialog_0} <Alarm> [VoiceXML interpreter]
optimtalk.interpretationError: The following error occurred during the interpretation: A VoiceXML event 'error.badfetch' was generated during preparing of a VoiceXML document. The following message was associated with the event: Cannot load document 'file:/C:/Users/windoz/Downloads/UPSSITECH_3A_human_machine_dialogue-main/AGENDA_V1/gestion_agenda_v1.vxml' since an error occurred in call to VoiceXML Document Processor. VoiceXML Document Processor reports: line 207, column 20; Unknown tag <br>.

2025-Oct-20 14:04:27.474 INFO {N/A} <N/A> [OptimComponents Core]
Deleted session with ID 'vxmlDialog_0'.

