Created from template: |append [ot_log-%y-%m-%d_%H_%M_%s.log] 
Number of records: 100000
Lifetime: unlimited
Log format:
date time severity {session id} <category> [source]
label: message
===================================================

2025-Oct-24 14:25:19.320 ALW {N/A} <N/A> [OptimComponents Core]
========== Log start ==========

2025-Oct-24 14:25:19.320 INFO {N/A} <N/A> [OptimComponents Core]
Created session with ID 'vxmlDialog_0'.

2025-Oct-24 14:25:19.477 INFO {vxmlDialog_0} <Interpretation tracking> [VoiceXML interpreter]
Preparing document 'file:/C:/Users/windoz/Documents/UPSSITECH_3A_human_machine_dialogue/examples/examples/example_pizza/pizza.vxml'.

2025-Oct-24 14:25:19.502 INFO {vxmlDialog_0} <Interpretation tracking> [VoiceXML interpreter]
Preparing of document 'file:/C:/Users/windoz/Documents/UPSSITECH_3A_human_machine_dialogue/examples/examples/example_pizza/pizza.vxml' completed.
  result = success

2025-Oct-24 14:25:19.502 INFO {vxmlDialog_0} <Interpretation tracking> [VoiceXML interpreter]
Interpreting document 'file:/C:/Users/windoz/Documents/UPSSITECH_3A_human_machine_dialogue/examples/examples/example_pizza/pizza.vxml'

2025-Oct-24 14:25:19.507 INFO {vxmlDialog_0} <Interpretation tracking> [VoiceXML interpreter]
Interpreting <form> with id 'start'; line 20; column 1.

2025-Oct-24 14:25:19.538 INFO {vxmlDialog_0} <Interpretation tracking> [VoiceXML interpreter]
Interpreting <initial> with name 'mixed'; line 42; column 3.

2025-Oct-24 14:25:19.543 INFO {vxmlDialog_0} <Interpretation tracking> [VoiceXML interpreter]
Waiting for user's input.

2025-Oct-24 14:25:22.779 INFO {vxmlDialog_0} <Interpretation tracking> [VoiceXML interpreter]
User's input collection completed.

2025-Oct-24 14:25:22.784 INFO {vxmlDialog_0} <Interpretation tracking> [VoiceXML interpreter]
The following input was collected:
  utterance = ham
  confidence = 1
  mode = voice

2025-Oct-24 14:25:22.789 INFO {vxmlDialog_0} <Interpretation tracking> [VoiceXML interpreter]
Interpreting <filled>; line 60; column 3.

2025-Oct-24 14:25:22.789 INFO {vxmlDialog_0} <Interpretation tracking> [VoiceXML interpreter]
Interpreting <filled>; line 97; column 3.

2025-Oct-24 14:25:22.789 INFO {vxmlDialog_0} <Interpretation tracking> [VoiceXML interpreter]
Interpreting <filled>; line 118; column 5.

2025-Oct-24 14:25:22.789 INFO {vxmlDialog_0} <Interpretation tracking> [VoiceXML interpreter]
Interpreting <filled>; line 130; column 3.

2025-Oct-24 14:25:22.793 INFO {vxmlDialog_0} <Interpretation tracking> [VoiceXML interpreter]
Interpreting <field> with name 'pizzanumber'; line 64; column 3.

2025-Oct-24 14:25:22.793 INFO {vxmlDialog_0} <Interpretation tracking> [VoiceXML interpreter]
Waiting for user's input.

2025-Oct-24 14:25:25.356 INFO {vxmlDialog_0} <Interpretation tracking> [VoiceXML interpreter]
User's input collection completed.

2025-Oct-24 14:25:25.359 INFO {vxmlDialog_0} <Interpretation tracking> [VoiceXML interpreter]
The following input was collected:
  utterance = one
  confidence = 1
  mode = voice

2025-Oct-24 14:25:25.359 INFO {vxmlDialog_0} <Interpretation tracking> [VoiceXML interpreter]
Interpreting <filled>; line 60; column 3.

2025-Oct-24 14:25:25.364 INFO {vxmlDialog_0} <Interpretation tracking> [VoiceXML interpreter]
Interpreting <filled>; line 73; column 5.

2025-Oct-24 14:25:25.364 INFO {vxmlDialog_0} <Interpretation tracking> [VoiceXML interpreter]
Interpreting <filled>; line 97; column 3.

2025-Oct-24 14:25:25.364 INFO {vxmlDialog_0} <Interpretation tracking> [VoiceXML interpreter]
Interpreting <filled>; line 130; column 3.

2025-Oct-24 14:25:25.369 INFO {vxmlDialog_0} <Interpretation tracking> [VoiceXML interpreter]
Interpreting <field> with name 'pizzasize'; line 78; column 3.

2025-Oct-24 14:25:25.374 INFO {vxmlDialog_0} <Interpretation tracking> [VoiceXML interpreter]
Waiting for user's input.

2025-Oct-24 14:25:30.733 INFO {vxmlDialog_0} <Interpretation tracking> [VoiceXML interpreter]
User's input collection completed.

2025-Oct-24 14:25:30.738 INFO {vxmlDialog_0} <Interpretation tracking> [VoiceXML interpreter]
The following input was collected:
  utterance = big
  confidence = 1
  mode = voice

2025-Oct-24 14:25:30.743 INFO {vxmlDialog_0} <Interpretation tracking> [VoiceXML interpreter]
Interpreting <filled>; line 60; column 3.

2025-Oct-24 14:25:30.743 INFO {vxmlDialog_0} <Interpretation tracking> [VoiceXML interpreter]
Interpreting <filled>; line 92; column 5.

2025-Oct-24 14:25:30.743 INFO {vxmlDialog_0} <Interpretation tracking> [VoiceXML interpreter]
Interpreting <filled>; line 97; column 3.

2025-Oct-24 14:25:30.743 INFO {vxmlDialog_0} <Interpretation tracking> [VoiceXML interpreter]
Interpreting <filled>; line 130; column 3.

2025-Oct-24 14:25:30.748 INFO {vxmlDialog_0} <Interpretation tracking> [VoiceXML interpreter]
Interpreting <field> with name 'drink'; line 136; column 3.

2025-Oct-24 14:25:30.753 INFO {vxmlDialog_0} <Interpretation tracking> [VoiceXML interpreter]
Waiting for user's input.

2025-Oct-24 14:25:38.769 INFO {vxmlDialog_0} <Interpretation tracking> [VoiceXML interpreter]
An event 'noinput' was added to the event queue

2025-Oct-24 14:25:38.769 INFO {vxmlDialog_0} <Interpretation tracking> [VoiceXML interpreter]
User's input collection completed.

2025-Oct-24 14:25:38.769 INFO {vxmlDialog_0} <Interpretation tracking> [VoiceXML interpreter]
Processing event 'noinput'.
  Event origin = document 'file:/C:/Users/windoz/Documents/UPSSITECH_3A_human_machine_dialogue/examples/examples/example_pizza/pizza.vxml'; line 136
  Handler location = platform default handler

2025-Oct-24 14:25:38.769 INFO {vxmlDialog_0} <Interpretation tracking> [VoiceXML interpreter]
Interpreting <field> with name 'drink'; line 136; column 3.

2025-Oct-24 14:25:38.773 INFO {vxmlDialog_0} <Interpretation tracking> [VoiceXML interpreter]
Waiting for user's input.

2025-Oct-24 14:25:40.287 INFO {vxmlDialog_0} <Interpretation tracking> [VoiceXML interpreter]
User's input collection completed.

2025-Oct-24 14:25:40.292 INFO {vxmlDialog_0} <Interpretation tracking> [VoiceXML interpreter]
The following input was collected:
  utterance = beer
  confidence = 1
  mode = voice

2025-Oct-24 14:25:40.292 INFO {vxmlDialog_0} <Interpretation tracking> [VoiceXML interpreter]
An event 'nomatch' was added to the event queue

2025-Oct-24 14:25:40.297 INFO {vxmlDialog_0} <Interpretation tracking> [VoiceXML interpreter]
Processing event 'nomatch'.
  Event origin = document 'file:/C:/Users/windoz/Documents/UPSSITECH_3A_human_machine_dialogue/examples/examples/example_pizza/pizza.vxml'; line 136
  Handler location = document 'file:/C:/Users/windoz/Documents/UPSSITECH_3A_human_machine_dialogue/examples/examples/example_pizza/pizza.vxml'; line 139, column 5

2025-Oct-24 14:25:40.303 INFO {vxmlDialog_0} <Interpretation tracking> [VoiceXML interpreter]
Interpreting <field> with name 'drink'; line 136; column 3.

2025-Oct-24 14:25:40.303 INFO {vxmlDialog_0} <Interpretation tracking> [VoiceXML interpreter]
Waiting for user's input.

2025-Oct-24 14:25:49.984 INFO {vxmlDialog_0} <Interpretation tracking> [VoiceXML interpreter]
An event 'noinput' was added to the event queue

2025-Oct-24 14:25:49.984 INFO {vxmlDialog_0} <Interpretation tracking> [VoiceXML interpreter]
User's input collection completed.

2025-Oct-24 14:25:49.984 INFO {vxmlDialog_0} <Interpretation tracking> [VoiceXML interpreter]
Processing event 'noinput'.
  Event origin = document 'file:/C:/Users/windoz/Documents/UPSSITECH_3A_human_machine_dialogue/examples/examples/example_pizza/pizza.vxml'; line 136
  Handler location = platform default handler

2025-Oct-24 14:25:49.984 INFO {vxmlDialog_0} <Interpretation tracking> [VoiceXML interpreter]
Interpreting <field> with name 'drink'; line 136; column 3.

2025-Oct-24 14:25:49.989 INFO {vxmlDialog_0} <Interpretation tracking> [VoiceXML interpreter]
Waiting for user's input.

2025-Oct-24 14:25:51.127 INFO {vxmlDialog_0} <Interpretation tracking> [VoiceXML interpreter]
User's input collection completed.

2025-Oct-24 14:25:51.132 INFO {vxmlDialog_0} <Interpretation tracking> [VoiceXML interpreter]
The following input was collected:
  utterance = fanta
  confidence = 1
  mode = voice

2025-Oct-24 14:25:51.132 INFO {vxmlDialog_0} <Interpretation tracking> [VoiceXML interpreter]
Interpreting <filled>; line 145; column 5.

2025-Oct-24 14:25:51.137 INFO {vxmlDialog_0} <Interpretation tracking> [VoiceXML interpreter]
Interpreting <block>; line 154; column 3.

2025-Oct-24 14:25:51.152 INFO {vxmlDialog_0} <Interpretation tracking> [VoiceXML interpreter]
Interpretation finished.
  value returned by <exit> = undefined
  value returned by <disconnect> = 
undefined

2025-Oct-24 14:25:51.249 INFO {N/A} <N/A> [OptimComponents Core]
Deleted session with ID 'vxmlDialog_0'.

