Created from template: |append [ot_log-%y-%m-%d_%H_%M_%s.log] 
Number of records: 100000
Lifetime: unlimited
Log format:
date time severity {session id} <category> [source]
label: message
===================================================

2025-Oct-01 17:11:55.261 ALW {N/A} <N/A> [OptimComponents Core]
========== Log start ==========

2025-Oct-01 17:11:55.261 INFO {N/A} <N/A> [OptimComponents Core]
Created session with ID 'vxmlDialog_0'.

2025-Oct-01 17:11:55.775 INFO {vxmlDialog_0} <Interpretation tracking> [VoiceXML interpreter]
Preparing document 'file:/C:/Users/blt3098a/Documents/UPSSITECH_3A_human_machine_dialogue-main/UPSSITECH_3A_human_machine_dialogue-main/AGENDA_V1/gestion_agenda_v1.vxml'.

2025-Oct-01 17:11:55.783 INFO {vxmlDialog_0} <Interpretation tracking> [VoiceXML interpreter]
Preparing of document 'file:/C:/Users/blt3098a/Documents/UPSSITECH_3A_human_machine_dialogue-main/UPSSITECH_3A_human_machine_dialogue-main/AGENDA_V1/gestion_agenda_v1.vxml' completed.
  result = success

2025-Oct-01 17:11:55.783 INFO {vxmlDialog_0} <Interpretation tracking> [VoiceXML interpreter]
Interpreting document 'file:/C:/Users/blt3098a/Documents/UPSSITECH_3A_human_machine_dialogue-main/UPSSITECH_3A_human_machine_dialogue-main/AGENDA_V1/gestion_agenda_v1.vxml'

2025-Oct-01 17:11:55.787 INFO {vxmlDialog_0} <Interpretation tracking> [VoiceXML interpreter]
Interpreting <form> with id 'agenda'; line 33; column 1.

2025-Oct-01 17:11:55.787 INFO {vxmlDialog_0} <Interpretation tracking> [VoiceXML interpreter]
Interpreting <block>; line 51; column 1.

2025-Oct-01 17:11:55.794 INFO {vxmlDialog_0} <Interpretation tracking> [VoiceXML interpreter]
Interpreting <field> with name 'num_abonne'; line 59; column 1.

2025-Oct-01 17:11:55.817 INFO {vxmlDialog_0} <Interpretation tracking> [VoiceXML interpreter]
Waiting for user's input.

2025-Oct-01 17:11:57.200 INFO {vxmlDialog_0} <Interpretation tracking> [VoiceXML interpreter]
User's input collection completed.

2025-Oct-01 17:11:57.200 INFO {vxmlDialog_0} <Interpretation tracking> [VoiceXML interpreter]
The following input was collected:
  utterance = deux
  confidence = 1
  mode = voice

2025-Oct-01 17:11:57.200 INFO {vxmlDialog_0} <Interpretation tracking> [VoiceXML interpreter]
Interpreting <filled>; line 72; column 3.

2025-Oct-01 17:11:57.200 INFO {vxmlDialog_0} <Interpretation tracking> [VoiceXML interpreter]
Interpreting <field> with name 'confirm'; line 91; column 3.

2025-Oct-01 17:11:57.200 INFO {vxmlDialog_0} <Interpretation tracking> [VoiceXML interpreter]
Waiting for user's input.

2025-Oct-01 17:11:58.763 INFO {vxmlDialog_0} <Interpretation tracking> [VoiceXML interpreter]
User's input collection completed.

2025-Oct-01 17:11:58.763 INFO {vxmlDialog_0} <Interpretation tracking> [VoiceXML interpreter]
The following input was collected:
  utterance = oui
  confidence = 1
  mode = voice

2025-Oct-01 17:11:58.763 INFO {vxmlDialog_0} <Interpretation tracking> [VoiceXML interpreter]
Interpreting <filled>; line 106; column 10.

2025-Oct-01 17:11:58.763 INFO {vxmlDialog_0} <Interpretation tracking> [VoiceXML interpreter]
Interpreting <block>; line 122; column 1.

2025-Oct-01 17:11:58.763 INFO {vxmlDialog_0} <Interpretation tracking> [VoiceXML interpreter]
Interpreting <field> with name 'date_choisie'; line 129; column 1.

2025-Oct-01 17:11:58.794 INFO {vxmlDialog_0} <Interpretation tracking> [VoiceXML interpreter]
Waiting for user's input.

2025-Oct-01 17:12:01.215 INFO {vxmlDialog_0} <Interpretation tracking> [VoiceXML interpreter]
User's input collection completed.

2025-Oct-01 17:12:01.218 INFO {vxmlDialog_0} <Interpretation tracking> [VoiceXML interpreter]
The following input was collected:
  utterance = le dix mai
  confidence = 1
  mode = voice

2025-Oct-01 17:12:01.218 INFO {vxmlDialog_0} <Interpretation tracking> [VoiceXML interpreter]
Interpreting <filled>; line 142; column 3.

2025-Oct-01 17:12:01.223 INFO {vxmlDialog_0} <Interpretation tracking> [VoiceXML interpreter]
Interpreting <field> with name 'confirm_date'; line 156; column 3.

2025-Oct-01 17:12:01.223 INFO {vxmlDialog_0} <Interpretation tracking> [VoiceXML interpreter]
Waiting for user's input.

2025-Oct-01 17:12:02.439 INFO {vxmlDialog_0} <Interpretation tracking> [VoiceXML interpreter]
User's input collection completed.

2025-Oct-01 17:12:02.439 INFO {vxmlDialog_0} <Interpretation tracking> [VoiceXML interpreter]
The following input was collected:
  utterance = oui
  confidence = 1
  mode = voice

2025-Oct-01 17:12:02.439 INFO {vxmlDialog_0} <Interpretation tracking> [VoiceXML interpreter]
Interpreting <filled>; line 171; column 10.

2025-Oct-01 17:12:02.439 INFO {vxmlDialog_0} <Interpretation tracking> [VoiceXML interpreter]
Interpretation finished.
  value returned by <exit> = undefined
  value returned by <disconnect> = 
undefined

2025-Oct-01 17:12:02.566 INFO {N/A} <N/A> [OptimComponents Core]
Deleted session with ID 'vxmlDialog_0'.

