Created from template: |append [ot_log-%y-%m-%d_%H_%M_%s.log] 
Number of records: 100000
Lifetime: unlimited
Log format:
date time severity {session id} <category> [source]
label: message
===================================================

2025-Sep-23 11:56:50.128 ALW {N/A} <N/A> [OptimComponents Core]
========== Log start ==========

2025-Sep-23 11:56:50.128 INFO {N/A} <N/A> [OptimComponents Core]
Created session with ID 'vxmlDialog_0'.

2025-Sep-23 11:56:50.607 INFO {vxmlDialog_0} <Interpretation tracking> [VoiceXML interpreter]
Preparing document 'file:/C:/Users/blt3098a/Documents/Othman/AGENDA_V0/AGENDA_V0/gestion_agenda_v0.vxml'.

2025-Sep-23 11:56:50.619 INFO {vxmlDialog_0} <Interpretation tracking> [VoiceXML interpreter]
Preparing of document 'file:/C:/Users/blt3098a/Documents/Othman/AGENDA_V0/AGENDA_V0/gestion_agenda_v0.vxml' completed.
  result = success

2025-Sep-23 11:56:50.619 INFO {vxmlDialog_0} <Interpretation tracking> [VoiceXML interpreter]
Interpreting document 'file:/C:/Users/blt3098a/Documents/Othman/AGENDA_V0/AGENDA_V0/gestion_agenda_v0.vxml'

2025-Sep-23 11:56:50.623 INFO {vxmlDialog_0} <Interpretation tracking> [VoiceXML interpreter]
Interpreting <form> with id 'agenda'; line 23; column 1.

2025-Sep-23 11:56:50.623 INFO {vxmlDialog_0} <Interpretation tracking> [VoiceXML interpreter]
Interpreting <block>; line 41; column 1.

2025-Sep-23 11:56:50.623 INFO {vxmlDialog_0} <Interpretation tracking> [VoiceXML interpreter]
Interpreting <field> with name 'num_abonne'; line 49; column 1.

2025-Sep-23 11:56:50.646 INFO {vxmlDialog_0} <Interpretation tracking> [VoiceXML interpreter]
Waiting for user's input.

2025-Sep-23 11:56:53.500 INFO {vxmlDialog_0} <Interpretation tracking> [VoiceXML interpreter]
User's input collection completed.

2025-Sep-23 11:56:53.503 INFO {vxmlDialog_0} <Interpretation tracking> [VoiceXML interpreter]
The following input was collected:
  utterance = deux cent
  confidence = 1
  mode = voice

2025-Sep-23 11:56:53.503 INFO {vxmlDialog_0} <Interpretation tracking> [VoiceXML interpreter]
Interpreting <filled>; line 62; column 3.

2025-Sep-23 11:56:53.503 INFO {vxmlDialog_0} <Interpretation tracking> [VoiceXML interpreter]
Interpreting <field> with name 'confirm'; line 81; column 3.

2025-Sep-23 11:56:53.523 INFO {vxmlDialog_0} <Interpretation tracking> [VoiceXML interpreter]
Waiting for user's input.

2025-Sep-23 11:57:01.535 INFO {vxmlDialog_0} <Interpretation tracking> [VoiceXML interpreter]
An event 'noinput' was added to the event queue

2025-Sep-23 11:57:01.535 INFO {vxmlDialog_0} <Interpretation tracking> [VoiceXML interpreter]
User's input collection completed.

2025-Sep-23 11:57:01.535 INFO {vxmlDialog_0} <Interpretation tracking> [VoiceXML interpreter]
Processing event 'noinput'.
  Event origin = document 'file:/C:/Users/blt3098a/Documents/Othman/AGENDA_V0/AGENDA_V0/gestion_agenda_v0.vxml'; line 81
  Handler location = document 'file:/C:/Users/blt3098a/Documents/Othman/AGENDA_V0/AGENDA_V0/gestion_agenda_v0.vxml'; line 89, column 10

2025-Sep-23 11:57:01.535 INFO {vxmlDialog_0} <Interpretation tracking> [VoiceXML interpreter]
Interpreting <field> with name 'confirm'; line 81; column 3.

2025-Sep-23 11:57:01.535 INFO {vxmlDialog_0} <Interpretation tracking> [VoiceXML interpreter]
Waiting for user's input.

2025-Sep-23 11:57:09.540 INFO {vxmlDialog_0} <Interpretation tracking> [VoiceXML interpreter]
An event 'noinput' was added to the event queue

2025-Sep-23 11:57:09.540 INFO {vxmlDialog_0} <Interpretation tracking> [VoiceXML interpreter]
User's input collection completed.

2025-Sep-23 11:57:09.540 INFO {vxmlDialog_0} <Interpretation tracking> [VoiceXML interpreter]
Processing event 'noinput'.
  Event origin = document 'file:/C:/Users/blt3098a/Documents/Othman/AGENDA_V0/AGENDA_V0/gestion_agenda_v0.vxml'; line 81
  Handler location = document 'file:/C:/Users/blt3098a/Documents/Othman/AGENDA_V0/AGENDA_V0/gestion_agenda_v0.vxml'; line 89, column 10

2025-Sep-23 11:57:09.543 INFO {vxmlDialog_0} <Interpretation tracking> [VoiceXML interpreter]
Interpreting <field> with name 'confirm'; line 81; column 3.

2025-Sep-23 11:57:09.543 INFO {vxmlDialog_0} <Interpretation tracking> [VoiceXML interpreter]
Waiting for user's input.

2025-Sep-23 11:57:17.553 INFO {vxmlDialog_0} <Interpretation tracking> [VoiceXML interpreter]
An event 'noinput' was added to the event queue

2025-Sep-23 11:57:17.553 INFO {vxmlDialog_0} <Interpretation tracking> [VoiceXML interpreter]
User's input collection completed.

2025-Sep-23 11:57:17.553 INFO {vxmlDialog_0} <Interpretation tracking> [VoiceXML interpreter]
Processing event 'noinput'.
  Event origin = document 'file:/C:/Users/blt3098a/Documents/Othman/AGENDA_V0/AGENDA_V0/gestion_agenda_v0.vxml'; line 81
  Handler location = document 'file:/C:/Users/blt3098a/Documents/Othman/AGENDA_V0/AGENDA_V0/gestion_agenda_v0.vxml'; line 89, column 10

2025-Sep-23 11:57:17.553 INFO {vxmlDialog_0} <Interpretation tracking> [VoiceXML interpreter]
Interpreting <field> with name 'confirm'; line 81; column 3.

2025-Sep-23 11:57:17.553 INFO {vxmlDialog_0} <Interpretation tracking> [VoiceXML interpreter]
Waiting for user's input.

2025-Sep-23 11:57:18.473 INFO {vxmlDialog_0} <Interpretation tracking> [VoiceXML interpreter]
User has been disconnected.

2025-Sep-23 11:57:18.473 INFO {vxmlDialog_0} <Interpretation tracking> [VoiceXML interpreter]
An event 'connection.disconnect.hangup' was added to the event queue

2025-Sep-23 11:57:18.473 INFO {vxmlDialog_0} <Interpretation tracking> [VoiceXML interpreter]
User's input collection completed.

2025-Sep-23 11:57:18.473 INFO {vxmlDialog_0} <Interpretation tracking> [VoiceXML interpreter]
Processing event 'connection.disconnect.hangup'.
  Event origin = document 'file:/C:/Users/blt3098a/Documents/Othman/AGENDA_V0/AGENDA_V0/gestion_agenda_v0.vxml'
  Handler location = platform default handler

2025-Sep-23 11:57:18.476 INFO {vxmlDialog_0} <Interpretation tracking> [VoiceXML interpreter]
Interpretation finished.
  value returned by <exit> = 
{
}
  value returned by <disconnect> = 
undefined

2025-Sep-23 11:57:18.535 INFO {N/A} <N/A> [OptimComponents Core]
Deleted session with ID 'vxmlDialog_0'.

