Created from template: |append [ot_log-%y-%m-%d_%H_%M_%s.log] 
Number of records: 100000
Lifetime: unlimited
Log format:
date time severity {session id} <category> [source]
label: message
===================================================

2025-Oct-24 15:02:29.307 ALW {N/A} <N/A> [OptimComponents Core]
========== Log start ==========

2025-Oct-24 15:02:29.307 INFO {N/A} <N/A> [OptimComponents Core]
Created session with ID 'vxmlDialog_0'.

2025-Oct-24 15:02:29.466 INFO {vxmlDialog_0} <Interpretation tracking> [VoiceXML interpreter]
Preparing document 'file:/C:/Users/windoz/Documents/UPSSITECH_3A_human_machine_dialogue/examples/examples/example_pizza/pizza.vxml'.

2025-Oct-24 15:02:29.482 INFO {vxmlDialog_0} <Interpretation tracking> [VoiceXML interpreter]
Preparing of document 'file:/C:/Users/windoz/Documents/UPSSITECH_3A_human_machine_dialogue/examples/examples/example_pizza/pizza.vxml' completed.
  result = success

2025-Oct-24 15:02:29.482 INFO {vxmlDialog_0} <Interpretation tracking> [VoiceXML interpreter]
Interpreting document 'file:/C:/Users/windoz/Documents/UPSSITECH_3A_human_machine_dialogue/examples/examples/example_pizza/pizza.vxml'

2025-Oct-24 15:02:29.489 INFO {vxmlDialog_0} <Interpretation tracking> [VoiceXML interpreter]
Interpreting <form> with id 'start'; line 20; column 1.

2025-Oct-24 15:02:29.528 INFO {vxmlDialog_0} <Interpretation tracking> [VoiceXML interpreter]
Interpreting <initial> with name 'mixed'; line 42; column 3.

2025-Oct-24 15:02:29.528 INFO {vxmlDialog_0} <Interpretation tracking> [VoiceXML interpreter]
Waiting for user's input.

2025-Oct-24 15:02:30.059 INFO {vxmlDialog_0} <Interpretation tracking> [VoiceXML interpreter]
User has been disconnected.

2025-Oct-24 15:02:30.059 INFO {vxmlDialog_0} <Interpretation tracking> [VoiceXML interpreter]
An event 'connection.disconnect.hangup' was added to the event queue

2025-Oct-24 15:02:30.062 INFO {vxmlDialog_0} <Interpretation tracking> [VoiceXML interpreter]
User's input collection completed.

2025-Oct-24 15:02:30.062 INFO {vxmlDialog_0} <Interpretation tracking> [VoiceXML interpreter]
Processing event 'connection.disconnect.hangup'.
  Event origin = document 'file:/C:/Users/windoz/Documents/UPSSITECH_3A_human_machine_dialogue/examples/examples/example_pizza/pizza.vxml'
  Handler location = platform default handler

2025-Oct-24 15:02:30.062 INFO {vxmlDialog_0} <Interpretation tracking> [VoiceXML interpreter]
Interpretation finished.
  value returned by <exit> = 
{
}
  value returned by <disconnect> = 
undefined

2025-Oct-24 15:02:30.162 INFO {N/A} <N/A> [OptimComponents Core]
Deleted session with ID 'vxmlDialog_0'.

