Created from template: |append [ot_log-%y-%m-%d_%H_%M_%s.log] 
Number of records: 100000
Lifetime: unlimited
Log format:
date time severity {session id} <category> [source]
label: message
===================================================

2025-Sep-23 11:15:17.934 ALW {N/A} <N/A> [OptimComponents Core]
========== Log start ==========

2025-Sep-23 11:15:17.934 INFO {N/A} <N/A> [OptimComponents Core]
Created session with ID 'vxmlDialog_0'.

2025-Sep-23 11:15:18.414 INFO {vxmlDialog_0} <Interpretation tracking> [VoiceXML interpreter]
Preparing document 'file:/C:/Users/blt3098a/Documents/Othman/AGENDA_V0/AGENDA_V0/gestion_agenda_v0.vxml'.

2025-Sep-23 11:15:18.439 INFO {vxmlDialog_0} <Interpretation tracking> [VoiceXML interpreter]
Preparing of document 'file:/C:/Users/blt3098a/Documents/Othman/AGENDA_V0/AGENDA_V0/gestion_agenda_v0.vxml' completed.
  result = success

2025-Sep-23 11:15:18.439 INFO {vxmlDialog_0} <Interpretation tracking> [VoiceXML interpreter]
Interpreting document 'file:/C:/Users/blt3098a/Documents/Othman/AGENDA_V0/AGENDA_V0/gestion_agenda_v0.vxml'

2025-Sep-23 11:15:18.454 INFO {vxmlDialog_0} <Interpretation tracking> [VoiceXML interpreter]
Interpreting <form> with id 'agenda'; line 23; column 1.

2025-Sep-23 11:15:18.455 INFO {vxmlDialog_0} <Interpretation tracking> [VoiceXML interpreter]
Interpreting <block>; line 40; column 1.

2025-Sep-23 11:15:18.455 INFO {vxmlDialog_0} <Interpretation tracking> [VoiceXML interpreter]
Interpreting <field> with name 'num_abonne'; line 48; column 1.

2025-Sep-23 11:15:18.474 INFO {vxmlDialog_0} <Interpretation tracking> [VoiceXML interpreter]
Waiting for user's input.

2025-Sep-23 11:15:19.704 INFO {vxmlDialog_0} <Interpretation tracking> [VoiceXML interpreter]
User has been disconnected.

2025-Sep-23 11:15:19.704 INFO {vxmlDialog_0} <Interpretation tracking> [VoiceXML interpreter]
An event 'connection.disconnect.hangup' was added to the event queue

2025-Sep-23 11:15:19.704 INFO {vxmlDialog_0} <Interpretation tracking> [VoiceXML interpreter]
User's input collection completed.

2025-Sep-23 11:15:19.704 INFO {vxmlDialog_0} <Interpretation tracking> [VoiceXML interpreter]
Processing event 'connection.disconnect.hangup'.
  Event origin = document 'file:/C:/Users/blt3098a/Documents/Othman/AGENDA_V0/AGENDA_V0/gestion_agenda_v0.vxml'
  Handler location = platform default handler

2025-Sep-23 11:15:19.704 INFO {vxmlDialog_0} <Interpretation tracking> [VoiceXML interpreter]
Interpretation finished.
  value returned by <exit> = 
{
}
  value returned by <disconnect> = 
undefined

2025-Sep-23 11:15:19.764 INFO {N/A} <N/A> [OptimComponents Core]
Deleted session with ID 'vxmlDialog_0'.

