Created from template: |append [ot_log-%y-%m-%d_%H_%M_%s.log] 
Number of records: 100000
Lifetime: unlimited
Log format:
date time severity {session id} <category> [source]
label: message
===================================================

2025-Oct-19 18:33:10.949 ALW {N/A} <N/A> [OptimComponents Core]
========== Log start ==========

2025-Oct-19 18:33:10.949 INFO {N/A} <N/A> [OptimComponents Core]
Created session with ID 'vxmlDialog_0'.

2025-Oct-19 18:33:11.075 INFO {vxmlDialog_0} <Interpretation tracking> [VoiceXML interpreter]
Preparing document 'file:/H:/Telechargement/UPSSITECH_3A_human_machine_dialogue-main/UPSSITECH_3A_human_machine_dialogue-main/AGENDA_V0/gestion_agenda_v0.vxml'.

2025-Oct-19 18:33:11.085 INFO {vxmlDialog_0} <Interpretation tracking> [VoiceXML interpreter]
Preparing of document 'file:/H:/Telechargement/UPSSITECH_3A_human_machine_dialogue-main/UPSSITECH_3A_human_machine_dialogue-main/AGENDA_V0/gestion_agenda_v0.vxml' completed.
  result = success

2025-Oct-19 18:33:11.086 INFO {vxmlDialog_0} <Interpretation tracking> [VoiceXML interpreter]
Interpreting document 'file:/H:/Telechargement/UPSSITECH_3A_human_machine_dialogue-main/UPSSITECH_3A_human_machine_dialogue-main/AGENDA_V0/gestion_agenda_v0.vxml'

2025-Oct-19 18:33:11.091 INFO {vxmlDialog_0} <Interpretation tracking> [VoiceXML interpreter]
Interpreting <form> with id 'agenda'; line 23; column 1.

2025-Oct-19 18:33:11.092 INFO {vxmlDialog_0} <Interpretation tracking> [VoiceXML interpreter]
Interpreting <block>; line 41; column 1.

2025-Oct-19 18:33:11.099 INFO {vxmlDialog_0} <Interpretation tracking> [VoiceXML interpreter]
Interpreting <field> with name 'num_abonne'; line 49; column 1.

2025-Oct-19 18:33:11.130 INFO {vxmlDialog_0} <Interpretation tracking> [VoiceXML interpreter]
Waiting for user's input.

2025-Oct-19 18:33:14.959 INFO {vxmlDialog_0} <Interpretation tracking> [VoiceXML interpreter]
User's input collection completed.

2025-Oct-19 18:33:14.964 INFO {vxmlDialog_0} <Interpretation tracking> [VoiceXML interpreter]
The following input was collected:
  utterance = Douze
  confidence = 1
  mode = voice

2025-Oct-19 18:33:14.965 INFO {vxmlDialog_0} <Interpretation tracking> [VoiceXML interpreter]
Interpreting <filled>; line 62; column 3.

2025-Oct-19 18:33:14.970 INFO {vxmlDialog_0} <Interpretation tracking> [VoiceXML interpreter]
Interpreting <field> with name 'confirm'; line 81; column 3.

2025-Oct-19 18:33:14.989 INFO {vxmlDialog_0} <Interpretation tracking> [VoiceXML interpreter]
Waiting for user's input.

2025-Oct-19 18:33:17.359 INFO {vxmlDialog_0} <Interpretation tracking> [VoiceXML interpreter]
User's input collection completed.

2025-Oct-19 18:33:17.361 INFO {vxmlDialog_0} <Interpretation tracking> [VoiceXML interpreter]
The following input was collected:
  utterance = Oui
  confidence = 1
  mode = voice

2025-Oct-19 18:33:17.362 INFO {vxmlDialog_0} <Interpretation tracking> [VoiceXML interpreter]
Interpreting <filled>; line 96; column 10.

2025-Oct-19 18:33:17.366 INFO {vxmlDialog_0} <Interpretation tracking> [VoiceXML interpreter]
Interpreting <block>; line 112; column 1.

2025-Oct-19 18:33:17.373 INFO {vxmlDialog_0} <Interpretation tracking> [VoiceXML interpreter]
Interpreting <field> with name 'date'; line 119; column 1.

2025-Oct-19 18:33:17.416 INFO {vxmlDialog_0} <Interpretation tracking> [VoiceXML interpreter]
Waiting for user's input.

2025-Oct-19 18:33:27.263 INFO {vxmlDialog_0} <Interpretation tracking> [VoiceXML interpreter]
User's input collection completed.

2025-Oct-19 18:33:27.268 INFO {vxmlDialog_0} <Interpretation tracking> [VoiceXML interpreter]
The following input was collected:
  utterance = Le deux mai
  confidence = 1
  mode = voice

2025-Oct-19 18:33:27.268 INFO {vxmlDialog_0} <Interpretation tracking> [VoiceXML interpreter]
Interpreting <filled>; line 132; column 3.

2025-Oct-19 18:33:27.272 INFO {vxmlDialog_0} <Interpretation tracking> [VoiceXML interpreter]
Interpreting <field> with name 'confirm_date'; line 151; column 3.

2025-Oct-19 18:33:27.274 INFO {vxmlDialog_0} <Interpretation tracking> [VoiceXML interpreter]
Waiting for user's input.

2025-Oct-19 18:33:29.925 INFO {vxmlDialog_0} <Interpretation tracking> [VoiceXML interpreter]
User's input collection completed.

2025-Oct-19 18:33:29.927 INFO {vxmlDialog_0} <Interpretation tracking> [VoiceXML interpreter]
The following input was collected:
  utterance = oui
  confidence = 1
  mode = voice

2025-Oct-19 18:33:29.928 INFO {vxmlDialog_0} <Interpretation tracking> [VoiceXML interpreter]
Interpreting <filled>; line 166; column 10.

2025-Oct-19 18:33:29.935 INFO {vxmlDialog_0} <Interpretation tracking> [VoiceXML interpreter]
Interpretation finished.
  value returned by <exit> = undefined
  value returned by <disconnect> = 
undefined

2025-Oct-19 18:33:30.045 INFO {N/A} <N/A> [OptimComponents Core]
Deleted session with ID 'vxmlDialog_0'.

