Created from template: |append [ot_log-%y-%m-%d_%H_%M_%s.log] 
Number of records: 100000
Lifetime: unlimited
Log format:
date time severity {session id} <category> [source]
label: message
===================================================

2025-Oct-01 16:52:47.898 ALW {N/A} <N/A> [OptimComponents Core]
========== Log start ==========

2025-Oct-01 16:52:47.898 INFO {N/A} <N/A> [OptimComponents Core]
Created session with ID 'vxmlDialog_0'.

2025-Oct-01 16:52:48.420 INFO {vxmlDialog_0} <Interpretation tracking> [VoiceXML interpreter]
Preparing document 'file:/C:/Users/blt3098a/Documents/UPSSITECH_3A_human_machine_dialogue-main/UPSSITECH_3A_human_machine_dialogue-main/AGENDA_V1/gestion_agenda_v1.vxml'.

2025-Oct-01 16:52:48.429 INFO {vxmlDialog_0} <Interpretation tracking> [VoiceXML interpreter]
Preparing of document 'file:/C:/Users/blt3098a/Documents/UPSSITECH_3A_human_machine_dialogue-main/UPSSITECH_3A_human_machine_dialogue-main/AGENDA_V1/gestion_agenda_v1.vxml' completed.
  result = success

2025-Oct-01 16:52:48.429 INFO {vxmlDialog_0} <Interpretation tracking> [VoiceXML interpreter]
Interpreting document 'file:/C:/Users/blt3098a/Documents/UPSSITECH_3A_human_machine_dialogue-main/UPSSITECH_3A_human_machine_dialogue-main/AGENDA_V1/gestion_agenda_v1.vxml'

2025-Oct-01 16:52:48.434 INFO {vxmlDialog_0} <Interpretation tracking> [VoiceXML interpreter]
Interpreting <form> with id 'agenda'; line 23; column 1.

2025-Oct-01 16:52:48.434 INFO {vxmlDialog_0} <Interpretation tracking> [VoiceXML interpreter]
Interpreting <block>; line 41; column 1.

2025-Oct-01 16:52:48.435 INFO {vxmlDialog_0} <Interpretation tracking> [VoiceXML interpreter]
Interpreting <field> with name 'num_abonne'; line 49; column 1.

2025-Oct-01 16:52:48.464 INFO {vxmlDialog_0} <Interpretation tracking> [VoiceXML interpreter]
Waiting for user's input.

2025-Oct-01 16:52:51.177 INFO {vxmlDialog_0} <Interpretation tracking> [VoiceXML interpreter]
User's input collection completed.

2025-Oct-01 16:52:51.179 INFO {vxmlDialog_0} <Interpretation tracking> [VoiceXML interpreter]
The following input was collected:
  utterance = aide
  confidence = 1
  mode = voice

2025-Oct-01 16:52:51.179 INFO {vxmlDialog_0} <Interpretation tracking> [VoiceXML interpreter]
An event 'help' was added to the event queue

2025-Oct-01 16:52:51.179 INFO {vxmlDialog_0} <Interpretation tracking> [VoiceXML interpreter]
Processing event 'help'.
  Event origin = document 'file:/C:/Users/blt3098a/Documents/UPSSITECH_3A_human_machine_dialogue-main/UPSSITECH_3A_human_machine_dialogue-main/AGENDA_V1/gestion_agenda_v1.vxml'
  Handler location = document 'file:/C:/Users/blt3098a/Documents/UPSSITECH_3A_human_machine_dialogue-main/UPSSITECH_3A_human_machine_dialogue-main/AGENDA_V1/gestion_agenda_v1.vxml'; line 57, column 10

2025-Oct-01 16:52:51.179 INFO {vxmlDialog_0} <Interpretation tracking> [VoiceXML interpreter]
Interpreting <field> with name 'num_abonne'; line 49; column 1.

2025-Oct-01 16:52:51.179 INFO {vxmlDialog_0} <Interpretation tracking> [VoiceXML interpreter]
Waiting for user's input.

2025-Oct-01 16:52:59.186 INFO {vxmlDialog_0} <Interpretation tracking> [VoiceXML interpreter]
An event 'noinput' was added to the event queue

2025-Oct-01 16:52:59.186 INFO {vxmlDialog_0} <Interpretation tracking> [VoiceXML interpreter]
User's input collection completed.

2025-Oct-01 16:52:59.186 INFO {vxmlDialog_0} <Interpretation tracking> [VoiceXML interpreter]
Processing event 'noinput'.
  Event origin = document 'file:/C:/Users/blt3098a/Documents/UPSSITECH_3A_human_machine_dialogue-main/UPSSITECH_3A_human_machine_dialogue-main/AGENDA_V1/gestion_agenda_v1.vxml'; line 49
  Handler location = document 'file:/C:/Users/blt3098a/Documents/UPSSITECH_3A_human_machine_dialogue-main/UPSSITECH_3A_human_machine_dialogue-main/AGENDA_V1/gestion_agenda_v1.vxml'; line 58, column 10

2025-Oct-01 16:52:59.189 INFO {vxmlDialog_0} <Interpretation tracking> [VoiceXML interpreter]
Interpreting <field> with name 'num_abonne'; line 49; column 1.

2025-Oct-01 16:52:59.190 INFO {vxmlDialog_0} <Interpretation tracking> [VoiceXML interpreter]
Waiting for user's input.

2025-Oct-01 16:53:07.205 INFO {vxmlDialog_0} <Interpretation tracking> [VoiceXML interpreter]
An event 'noinput' was added to the event queue

2025-Oct-01 16:53:07.205 INFO {vxmlDialog_0} <Interpretation tracking> [VoiceXML interpreter]
User's input collection completed.

2025-Oct-01 16:53:07.205 INFO {vxmlDialog_0} <Interpretation tracking> [VoiceXML interpreter]
Processing event 'noinput'.
  Event origin = document 'file:/C:/Users/blt3098a/Documents/UPSSITECH_3A_human_machine_dialogue-main/UPSSITECH_3A_human_machine_dialogue-main/AGENDA_V1/gestion_agenda_v1.vxml'; line 49
  Handler location = document 'file:/C:/Users/blt3098a/Documents/UPSSITECH_3A_human_machine_dialogue-main/UPSSITECH_3A_human_machine_dialogue-main/AGENDA_V1/gestion_agenda_v1.vxml'; line 58, column 10

2025-Oct-01 16:53:07.205 INFO {vxmlDialog_0} <Interpretation tracking> [VoiceXML interpreter]
Interpreting <field> with name 'num_abonne'; line 49; column 1.

2025-Oct-01 16:53:07.205 INFO {vxmlDialog_0} <Interpretation tracking> [VoiceXML interpreter]
Waiting for user's input.

2025-Oct-01 16:53:15.215 INFO {vxmlDialog_0} <Interpretation tracking> [VoiceXML interpreter]
An event 'noinput' was added to the event queue

2025-Oct-01 16:53:15.215 INFO {vxmlDialog_0} <Interpretation tracking> [VoiceXML interpreter]
User's input collection completed.

2025-Oct-01 16:53:15.215 INFO {vxmlDialog_0} <Interpretation tracking> [VoiceXML interpreter]
Processing event 'noinput'.
  Event origin = document 'file:/C:/Users/blt3098a/Documents/UPSSITECH_3A_human_machine_dialogue-main/UPSSITECH_3A_human_machine_dialogue-main/AGENDA_V1/gestion_agenda_v1.vxml'; line 49
  Handler location = document 'file:/C:/Users/blt3098a/Documents/UPSSITECH_3A_human_machine_dialogue-main/UPSSITECH_3A_human_machine_dialogue-main/AGENDA_V1/gestion_agenda_v1.vxml'; line 58, column 10

2025-Oct-01 16:53:15.215 INFO {vxmlDialog_0} <Interpretation tracking> [VoiceXML interpreter]
Interpreting <field> with name 'num_abonne'; line 49; column 1.

2025-Oct-01 16:53:15.215 INFO {vxmlDialog_0} <Interpretation tracking> [VoiceXML interpreter]
Waiting for user's input.

2025-Oct-01 16:53:23.230 INFO {vxmlDialog_0} <Interpretation tracking> [VoiceXML interpreter]
An event 'noinput' was added to the event queue

2025-Oct-01 16:53:23.230 INFO {vxmlDialog_0} <Interpretation tracking> [VoiceXML interpreter]
User's input collection completed.

2025-Oct-01 16:53:23.230 INFO {vxmlDialog_0} <Interpretation tracking> [VoiceXML interpreter]
Processing event 'noinput'.
  Event origin = document 'file:/C:/Users/blt3098a/Documents/UPSSITECH_3A_human_machine_dialogue-main/UPSSITECH_3A_human_machine_dialogue-main/AGENDA_V1/gestion_agenda_v1.vxml'; line 49
  Handler location = document 'file:/C:/Users/blt3098a/Documents/UPSSITECH_3A_human_machine_dialogue-main/UPSSITECH_3A_human_machine_dialogue-main/AGENDA_V1/gestion_agenda_v1.vxml'; line 58, column 10

2025-Oct-01 16:53:23.230 INFO {vxmlDialog_0} <Interpretation tracking> [VoiceXML interpreter]
Interpreting <field> with name 'num_abonne'; line 49; column 1.

2025-Oct-01 16:53:23.235 INFO {vxmlDialog_0} <Interpretation tracking> [VoiceXML interpreter]
Waiting for user's input.

2025-Oct-01 16:53:31.237 INFO {vxmlDialog_0} <Interpretation tracking> [VoiceXML interpreter]
An event 'noinput' was added to the event queue

2025-Oct-01 16:53:31.237 INFO {vxmlDialog_0} <Interpretation tracking> [VoiceXML interpreter]
User's input collection completed.

2025-Oct-01 16:53:31.237 INFO {vxmlDialog_0} <Interpretation tracking> [VoiceXML interpreter]
Processing event 'noinput'.
  Event origin = document 'file:/C:/Users/blt3098a/Documents/UPSSITECH_3A_human_machine_dialogue-main/UPSSITECH_3A_human_machine_dialogue-main/AGENDA_V1/gestion_agenda_v1.vxml'; line 49
  Handler location = document 'file:/C:/Users/blt3098a/Documents/UPSSITECH_3A_human_machine_dialogue-main/UPSSITECH_3A_human_machine_dialogue-main/AGENDA_V1/gestion_agenda_v1.vxml'; line 58, column 10

2025-Oct-01 16:53:31.237 INFO {vxmlDialog_0} <Interpretation tracking> [VoiceXML interpreter]
Interpreting <field> with name 'num_abonne'; line 49; column 1.

2025-Oct-01 16:53:31.237 INFO {vxmlDialog_0} <Interpretation tracking> [VoiceXML interpreter]
Waiting for user's input.

2025-Oct-01 16:53:39.245 INFO {vxmlDialog_0} <Interpretation tracking> [VoiceXML interpreter]
An event 'noinput' was added to the event queue

2025-Oct-01 16:53:39.245 INFO {vxmlDialog_0} <Interpretation tracking> [VoiceXML interpreter]
User's input collection completed.

2025-Oct-01 16:53:39.245 INFO {vxmlDialog_0} <Interpretation tracking> [VoiceXML interpreter]
Processing event 'noinput'.
  Event origin = document 'file:/C:/Users/blt3098a/Documents/UPSSITECH_3A_human_machine_dialogue-main/UPSSITECH_3A_human_machine_dialogue-main/AGENDA_V1/gestion_agenda_v1.vxml'; line 49
  Handler location = document 'file:/C:/Users/blt3098a/Documents/UPSSITECH_3A_human_machine_dialogue-main/UPSSITECH_3A_human_machine_dialogue-main/AGENDA_V1/gestion_agenda_v1.vxml'; line 58, column 10

2025-Oct-01 16:53:39.249 INFO {vxmlDialog_0} <Interpretation tracking> [VoiceXML interpreter]
Interpreting <field> with name 'num_abonne'; line 49; column 1.

2025-Oct-01 16:53:39.249 INFO {vxmlDialog_0} <Interpretation tracking> [VoiceXML interpreter]
Waiting for user's input.

2025-Oct-01 16:53:47.259 INFO {vxmlDialog_0} <Interpretation tracking> [VoiceXML interpreter]
An event 'noinput' was added to the event queue

2025-Oct-01 16:53:47.259 INFO {vxmlDialog_0} <Interpretation tracking> [VoiceXML interpreter]
User's input collection completed.

2025-Oct-01 16:53:47.259 INFO {vxmlDialog_0} <Interpretation tracking> [VoiceXML interpreter]
Processing event 'noinput'.
  Event origin = document 'file:/C:/Users/blt3098a/Documents/UPSSITECH_3A_human_machine_dialogue-main/UPSSITECH_3A_human_machine_dialogue-main/AGENDA_V1/gestion_agenda_v1.vxml'; line 49
  Handler location = document 'file:/C:/Users/blt3098a/Documents/UPSSITECH_3A_human_machine_dialogue-main/UPSSITECH_3A_human_machine_dialogue-main/AGENDA_V1/gestion_agenda_v1.vxml'; line 58, column 10

2025-Oct-01 16:53:47.259 INFO {vxmlDialog_0} <Interpretation tracking> [VoiceXML interpreter]
Interpreting <field> with name 'num_abonne'; line 49; column 1.

2025-Oct-01 16:53:47.259 INFO {vxmlDialog_0} <Interpretation tracking> [VoiceXML interpreter]
Waiting for user's input.

2025-Oct-01 16:53:55.268 INFO {vxmlDialog_0} <Interpretation tracking> [VoiceXML interpreter]
An event 'noinput' was added to the event queue

2025-Oct-01 16:53:55.268 INFO {vxmlDialog_0} <Interpretation tracking> [VoiceXML interpreter]
User's input collection completed.

2025-Oct-01 16:53:55.268 INFO {vxmlDialog_0} <Interpretation tracking> [VoiceXML interpreter]
Processing event 'noinput'.
  Event origin = document 'file:/C:/Users/blt3098a/Documents/UPSSITECH_3A_human_machine_dialogue-main/UPSSITECH_3A_human_machine_dialogue-main/AGENDA_V1/gestion_agenda_v1.vxml'; line 49
  Handler location = document 'file:/C:/Users/blt3098a/Documents/UPSSITECH_3A_human_machine_dialogue-main/UPSSITECH_3A_human_machine_dialogue-main/AGENDA_V1/gestion_agenda_v1.vxml'; line 58, column 10

2025-Oct-01 16:53:55.277 INFO {vxmlDialog_0} <Interpretation tracking> [VoiceXML interpreter]
Interpreting <field> with name 'num_abonne'; line 49; column 1.

2025-Oct-01 16:53:55.277 INFO {vxmlDialog_0} <Interpretation tracking> [VoiceXML interpreter]
Waiting for user's input.

2025-Oct-01 16:54:03.287 INFO {vxmlDialog_0} <Interpretation tracking> [VoiceXML interpreter]
An event 'noinput' was added to the event queue

2025-Oct-01 16:54:03.287 INFO {vxmlDialog_0} <Interpretation tracking> [VoiceXML interpreter]
User's input collection completed.

2025-Oct-01 16:54:03.287 INFO {vxmlDialog_0} <Interpretation tracking> [VoiceXML interpreter]
Processing event 'noinput'.
  Event origin = document 'file:/C:/Users/blt3098a/Documents/UPSSITECH_3A_human_machine_dialogue-main/UPSSITECH_3A_human_machine_dialogue-main/AGENDA_V1/gestion_agenda_v1.vxml'; line 49
  Handler location = document 'file:/C:/Users/blt3098a/Documents/UPSSITECH_3A_human_machine_dialogue-main/UPSSITECH_3A_human_machine_dialogue-main/AGENDA_V1/gestion_agenda_v1.vxml'; line 58, column 10

2025-Oct-01 16:54:03.287 INFO {vxmlDialog_0} <Interpretation tracking> [VoiceXML interpreter]
Interpreting <field> with name 'num_abonne'; line 49; column 1.

2025-Oct-01 16:54:03.287 INFO {vxmlDialog_0} <Interpretation tracking> [VoiceXML interpreter]
Waiting for user's input.

2025-Oct-01 16:54:11.294 INFO {vxmlDialog_0} <Interpretation tracking> [VoiceXML interpreter]
An event 'noinput' was added to the event queue

2025-Oct-01 16:54:11.294 INFO {vxmlDialog_0} <Interpretation tracking> [VoiceXML interpreter]
User's input collection completed.

2025-Oct-01 16:54:11.294 INFO {vxmlDialog_0} <Interpretation tracking> [VoiceXML interpreter]
Processing event 'noinput'.
  Event origin = document 'file:/C:/Users/blt3098a/Documents/UPSSITECH_3A_human_machine_dialogue-main/UPSSITECH_3A_human_machine_dialogue-main/AGENDA_V1/gestion_agenda_v1.vxml'; line 49
  Handler location = document 'file:/C:/Users/blt3098a/Documents/UPSSITECH_3A_human_machine_dialogue-main/UPSSITECH_3A_human_machine_dialogue-main/AGENDA_V1/gestion_agenda_v1.vxml'; line 58, column 10

2025-Oct-01 16:54:11.294 INFO {vxmlDialog_0} <Interpretation tracking> [VoiceXML interpreter]
Interpreting <field> with name 'num_abonne'; line 49; column 1.

2025-Oct-01 16:54:11.294 INFO {vxmlDialog_0} <Interpretation tracking> [VoiceXML interpreter]
Waiting for user's input.

2025-Oct-01 16:54:19.309 INFO {vxmlDialog_0} <Interpretation tracking> [VoiceXML interpreter]
An event 'noinput' was added to the event queue

2025-Oct-01 16:54:19.309 INFO {vxmlDialog_0} <Interpretation tracking> [VoiceXML interpreter]
User's input collection completed.

2025-Oct-01 16:54:19.309 INFO {vxmlDialog_0} <Interpretation tracking> [VoiceXML interpreter]
Processing event 'noinput'.
  Event origin = document 'file:/C:/Users/blt3098a/Documents/UPSSITECH_3A_human_machine_dialogue-main/UPSSITECH_3A_human_machine_dialogue-main/AGENDA_V1/gestion_agenda_v1.vxml'; line 49
  Handler location = document 'file:/C:/Users/blt3098a/Documents/UPSSITECH_3A_human_machine_dialogue-main/UPSSITECH_3A_human_machine_dialogue-main/AGENDA_V1/gestion_agenda_v1.vxml'; line 58, column 10

2025-Oct-01 16:54:19.309 INFO {vxmlDialog_0} <Interpretation tracking> [VoiceXML interpreter]
Interpreting <field> with name 'num_abonne'; line 49; column 1.

2025-Oct-01 16:54:19.309 INFO {vxmlDialog_0} <Interpretation tracking> [VoiceXML interpreter]
Waiting for user's input.

2025-Oct-01 16:54:27.318 INFO {vxmlDialog_0} <Interpretation tracking> [VoiceXML interpreter]
An event 'noinput' was added to the event queue

2025-Oct-01 16:54:27.318 INFO {vxmlDialog_0} <Interpretation tracking> [VoiceXML interpreter]
User's input collection completed.

2025-Oct-01 16:54:27.318 INFO {vxmlDialog_0} <Interpretation tracking> [VoiceXML interpreter]
Processing event 'noinput'.
  Event origin = document 'file:/C:/Users/blt3098a/Documents/UPSSITECH_3A_human_machine_dialogue-main/UPSSITECH_3A_human_machine_dialogue-main/AGENDA_V1/gestion_agenda_v1.vxml'; line 49
  Handler location = document 'file:/C:/Users/blt3098a/Documents/UPSSITECH_3A_human_machine_dialogue-main/UPSSITECH_3A_human_machine_dialogue-main/AGENDA_V1/gestion_agenda_v1.vxml'; line 58, column 10

2025-Oct-01 16:54:27.318 INFO {vxmlDialog_0} <Interpretation tracking> [VoiceXML interpreter]
Interpreting <field> with name 'num_abonne'; line 49; column 1.

2025-Oct-01 16:54:27.318 INFO {vxmlDialog_0} <Interpretation tracking> [VoiceXML interpreter]
Waiting for user's input.

2025-Oct-01 16:54:35.320 INFO {vxmlDialog_0} <Interpretation tracking> [VoiceXML interpreter]
An event 'noinput' was added to the event queue

2025-Oct-01 16:54:35.320 INFO {vxmlDialog_0} <Interpretation tracking> [VoiceXML interpreter]
User's input collection completed.

2025-Oct-01 16:54:35.320 INFO {vxmlDialog_0} <Interpretation tracking> [VoiceXML interpreter]
Processing event 'noinput'.
  Event origin = document 'file:/C:/Users/blt3098a/Documents/UPSSITECH_3A_human_machine_dialogue-main/UPSSITECH_3A_human_machine_dialogue-main/AGENDA_V1/gestion_agenda_v1.vxml'; line 49
  Handler location = document 'file:/C:/Users/blt3098a/Documents/UPSSITECH_3A_human_machine_dialogue-main/UPSSITECH_3A_human_machine_dialogue-main/AGENDA_V1/gestion_agenda_v1.vxml'; line 58, column 10

2025-Oct-01 16:54:35.327 INFO {vxmlDialog_0} <Interpretation tracking> [VoiceXML interpreter]
Interpreting <field> with name 'num_abonne'; line 49; column 1.

2025-Oct-01 16:54:35.327 INFO {vxmlDialog_0} <Interpretation tracking> [VoiceXML interpreter]
Waiting for user's input.

2025-Oct-01 16:54:43.335 INFO {vxmlDialog_0} <Interpretation tracking> [VoiceXML interpreter]
An event 'noinput' was added to the event queue

2025-Oct-01 16:54:43.335 INFO {vxmlDialog_0} <Interpretation tracking> [VoiceXML interpreter]
User's input collection completed.

2025-Oct-01 16:54:43.335 INFO {vxmlDialog_0} <Interpretation tracking> [VoiceXML interpreter]
Processing event 'noinput'.
  Event origin = document 'file:/C:/Users/blt3098a/Documents/UPSSITECH_3A_human_machine_dialogue-main/UPSSITECH_3A_human_machine_dialogue-main/AGENDA_V1/gestion_agenda_v1.vxml'; line 49
  Handler location = document 'file:/C:/Users/blt3098a/Documents/UPSSITECH_3A_human_machine_dialogue-main/UPSSITECH_3A_human_machine_dialogue-main/AGENDA_V1/gestion_agenda_v1.vxml'; line 58, column 10

2025-Oct-01 16:54:43.335 INFO {vxmlDialog_0} <Interpretation tracking> [VoiceXML interpreter]
Interpreting <field> with name 'num_abonne'; line 49; column 1.

2025-Oct-01 16:54:43.335 INFO {vxmlDialog_0} <Interpretation tracking> [VoiceXML interpreter]
Waiting for user's input.

2025-Oct-01 16:54:51.348 INFO {vxmlDialog_0} <Interpretation tracking> [VoiceXML interpreter]
An event 'noinput' was added to the event queue

2025-Oct-01 16:54:51.348 INFO {vxmlDialog_0} <Interpretation tracking> [VoiceXML interpreter]
User's input collection completed.

2025-Oct-01 16:54:51.348 INFO {vxmlDialog_0} <Interpretation tracking> [VoiceXML interpreter]
Processing event 'noinput'.
  Event origin = document 'file:/C:/Users/blt3098a/Documents/UPSSITECH_3A_human_machine_dialogue-main/UPSSITECH_3A_human_machine_dialogue-main/AGENDA_V1/gestion_agenda_v1.vxml'; line 49
  Handler location = document 'file:/C:/Users/blt3098a/Documents/UPSSITECH_3A_human_machine_dialogue-main/UPSSITECH_3A_human_machine_dialogue-main/AGENDA_V1/gestion_agenda_v1.vxml'; line 58, column 10

2025-Oct-01 16:54:51.348 INFO {vxmlDialog_0} <Interpretation tracking> [VoiceXML interpreter]
Interpreting <field> with name 'num_abonne'; line 49; column 1.

2025-Oct-01 16:54:51.348 INFO {vxmlDialog_0} <Interpretation tracking> [VoiceXML interpreter]
Waiting for user's input.

2025-Oct-01 16:54:59.364 INFO {vxmlDialog_0} <Interpretation tracking> [VoiceXML interpreter]
An event 'noinput' was added to the event queue

2025-Oct-01 16:54:59.364 INFO {vxmlDialog_0} <Interpretation tracking> [VoiceXML interpreter]
User's input collection completed.

2025-Oct-01 16:54:59.364 INFO {vxmlDialog_0} <Interpretation tracking> [VoiceXML interpreter]
Processing event 'noinput'.
  Event origin = document 'file:/C:/Users/blt3098a/Documents/UPSSITECH_3A_human_machine_dialogue-main/UPSSITECH_3A_human_machine_dialogue-main/AGENDA_V1/gestion_agenda_v1.vxml'; line 49
  Handler location = document 'file:/C:/Users/blt3098a/Documents/UPSSITECH_3A_human_machine_dialogue-main/UPSSITECH_3A_human_machine_dialogue-main/AGENDA_V1/gestion_agenda_v1.vxml'; line 58, column 10

2025-Oct-01 16:54:59.364 INFO {vxmlDialog_0} <Interpretation tracking> [VoiceXML interpreter]
Interpreting <field> with name 'num_abonne'; line 49; column 1.

2025-Oct-01 16:54:59.364 INFO {vxmlDialog_0} <Interpretation tracking> [VoiceXML interpreter]
Waiting for user's input.

2025-Oct-01 16:55:07.372 INFO {vxmlDialog_0} <Interpretation tracking> [VoiceXML interpreter]
An event 'noinput' was added to the event queue

2025-Oct-01 16:55:07.374 INFO {vxmlDialog_0} <Interpretation tracking> [VoiceXML interpreter]
User's input collection completed.

2025-Oct-01 16:55:07.374 INFO {vxmlDialog_0} <Interpretation tracking> [VoiceXML interpreter]
Processing event 'noinput'.
  Event origin = document 'file:/C:/Users/blt3098a/Documents/UPSSITECH_3A_human_machine_dialogue-main/UPSSITECH_3A_human_machine_dialogue-main/AGENDA_V1/gestion_agenda_v1.vxml'; line 49
  Handler location = document 'file:/C:/Users/blt3098a/Documents/UPSSITECH_3A_human_machine_dialogue-main/UPSSITECH_3A_human_machine_dialogue-main/AGENDA_V1/gestion_agenda_v1.vxml'; line 58, column 10

2025-Oct-01 16:55:07.377 INFO {vxmlDialog_0} <Interpretation tracking> [VoiceXML interpreter]
Interpreting <field> with name 'num_abonne'; line 49; column 1.

2025-Oct-01 16:55:07.377 INFO {vxmlDialog_0} <Interpretation tracking> [VoiceXML interpreter]
Waiting for user's input.

2025-Oct-01 16:55:15.384 INFO {vxmlDialog_0} <Interpretation tracking> [VoiceXML interpreter]
An event 'noinput' was added to the event queue

2025-Oct-01 16:55:15.384 INFO {vxmlDialog_0} <Interpretation tracking> [VoiceXML interpreter]
User's input collection completed.

2025-Oct-01 16:55:15.384 INFO {vxmlDialog_0} <Interpretation tracking> [VoiceXML interpreter]
Processing event 'noinput'.
  Event origin = document 'file:/C:/Users/blt3098a/Documents/UPSSITECH_3A_human_machine_dialogue-main/UPSSITECH_3A_human_machine_dialogue-main/AGENDA_V1/gestion_agenda_v1.vxml'; line 49
  Handler location = document 'file:/C:/Users/blt3098a/Documents/UPSSITECH_3A_human_machine_dialogue-main/UPSSITECH_3A_human_machine_dialogue-main/AGENDA_V1/gestion_agenda_v1.vxml'; line 58, column 10

2025-Oct-01 16:55:15.384 INFO {vxmlDialog_0} <Interpretation tracking> [VoiceXML interpreter]
Interpreting <field> with name 'num_abonne'; line 49; column 1.

2025-Oct-01 16:55:15.384 INFO {vxmlDialog_0} <Interpretation tracking> [VoiceXML interpreter]
Waiting for user's input.

2025-Oct-01 16:55:23.401 INFO {vxmlDialog_0} <Interpretation tracking> [VoiceXML interpreter]
An event 'noinput' was added to the event queue

2025-Oct-01 16:55:23.401 INFO {vxmlDialog_0} <Interpretation tracking> [VoiceXML interpreter]
User's input collection completed.

2025-Oct-01 16:55:23.401 INFO {vxmlDialog_0} <Interpretation tracking> [VoiceXML interpreter]
Processing event 'noinput'.
  Event origin = document 'file:/C:/Users/blt3098a/Documents/UPSSITECH_3A_human_machine_dialogue-main/UPSSITECH_3A_human_machine_dialogue-main/AGENDA_V1/gestion_agenda_v1.vxml'; line 49
  Handler location = document 'file:/C:/Users/blt3098a/Documents/UPSSITECH_3A_human_machine_dialogue-main/UPSSITECH_3A_human_machine_dialogue-main/AGENDA_V1/gestion_agenda_v1.vxml'; line 58, column 10

2025-Oct-01 16:55:23.404 INFO {vxmlDialog_0} <Interpretation tracking> [VoiceXML interpreter]
Interpreting <field> with name 'num_abonne'; line 49; column 1.

2025-Oct-01 16:55:23.404 INFO {vxmlDialog_0} <Interpretation tracking> [VoiceXML interpreter]
Waiting for user's input.

2025-Oct-01 16:55:31.414 INFO {vxmlDialog_0} <Interpretation tracking> [VoiceXML interpreter]
An event 'noinput' was added to the event queue

2025-Oct-01 16:55:31.414 INFO {vxmlDialog_0} <Interpretation tracking> [VoiceXML interpreter]
User's input collection completed.

2025-Oct-01 16:55:31.414 INFO {vxmlDialog_0} <Interpretation tracking> [VoiceXML interpreter]
Processing event 'noinput'.
  Event origin = document 'file:/C:/Users/blt3098a/Documents/UPSSITECH_3A_human_machine_dialogue-main/UPSSITECH_3A_human_machine_dialogue-main/AGENDA_V1/gestion_agenda_v1.vxml'; line 49
  Handler location = document 'file:/C:/Users/blt3098a/Documents/UPSSITECH_3A_human_machine_dialogue-main/UPSSITECH_3A_human_machine_dialogue-main/AGENDA_V1/gestion_agenda_v1.vxml'; line 58, column 10

2025-Oct-01 16:55:31.424 INFO {vxmlDialog_0} <Interpretation tracking> [VoiceXML interpreter]
Interpreting <field> with name 'num_abonne'; line 49; column 1.

2025-Oct-01 16:55:31.424 INFO {vxmlDialog_0} <Interpretation tracking> [VoiceXML interpreter]
Waiting for user's input.

2025-Oct-01 16:55:39.434 INFO {vxmlDialog_0} <Interpretation tracking> [VoiceXML interpreter]
An event 'noinput' was added to the event queue

2025-Oct-01 16:55:39.434 INFO {vxmlDialog_0} <Interpretation tracking> [VoiceXML interpreter]
User's input collection completed.

2025-Oct-01 16:55:39.434 INFO {vxmlDialog_0} <Interpretation tracking> [VoiceXML interpreter]
Processing event 'noinput'.
  Event origin = document 'file:/C:/Users/blt3098a/Documents/UPSSITECH_3A_human_machine_dialogue-main/UPSSITECH_3A_human_machine_dialogue-main/AGENDA_V1/gestion_agenda_v1.vxml'; line 49
  Handler location = document 'file:/C:/Users/blt3098a/Documents/UPSSITECH_3A_human_machine_dialogue-main/UPSSITECH_3A_human_machine_dialogue-main/AGENDA_V1/gestion_agenda_v1.vxml'; line 58, column 10

2025-Oct-01 16:55:39.446 INFO {vxmlDialog_0} <Interpretation tracking> [VoiceXML interpreter]
Interpreting <field> with name 'num_abonne'; line 49; column 1.

2025-Oct-01 16:55:39.448 INFO {vxmlDialog_0} <Interpretation tracking> [VoiceXML interpreter]
Waiting for user's input.

2025-Oct-01 16:55:47.454 INFO {vxmlDialog_0} <Interpretation tracking> [VoiceXML interpreter]
An event 'noinput' was added to the event queue

2025-Oct-01 16:55:47.454 INFO {vxmlDialog_0} <Interpretation tracking> [VoiceXML interpreter]
User's input collection completed.

2025-Oct-01 16:55:47.454 INFO {vxmlDialog_0} <Interpretation tracking> [VoiceXML interpreter]
Processing event 'noinput'.
  Event origin = document 'file:/C:/Users/blt3098a/Documents/UPSSITECH_3A_human_machine_dialogue-main/UPSSITECH_3A_human_machine_dialogue-main/AGENDA_V1/gestion_agenda_v1.vxml'; line 49
  Handler location = document 'file:/C:/Users/blt3098a/Documents/UPSSITECH_3A_human_machine_dialogue-main/UPSSITECH_3A_human_machine_dialogue-main/AGENDA_V1/gestion_agenda_v1.vxml'; line 58, column 10

2025-Oct-01 16:55:47.458 INFO {vxmlDialog_0} <Interpretation tracking> [VoiceXML interpreter]
Interpreting <field> with name 'num_abonne'; line 49; column 1.

2025-Oct-01 16:55:47.458 INFO {vxmlDialog_0} <Interpretation tracking> [VoiceXML interpreter]
Waiting for user's input.

2025-Oct-01 16:55:55.468 INFO {vxmlDialog_0} <Interpretation tracking> [VoiceXML interpreter]
An event 'noinput' was added to the event queue

2025-Oct-01 16:55:55.468 INFO {vxmlDialog_0} <Interpretation tracking> [VoiceXML interpreter]
User's input collection completed.

2025-Oct-01 16:55:55.468 INFO {vxmlDialog_0} <Interpretation tracking> [VoiceXML interpreter]
Processing event 'noinput'.
  Event origin = document 'file:/C:/Users/blt3098a/Documents/UPSSITECH_3A_human_machine_dialogue-main/UPSSITECH_3A_human_machine_dialogue-main/AGENDA_V1/gestion_agenda_v1.vxml'; line 49
  Handler location = document 'file:/C:/Users/blt3098a/Documents/UPSSITECH_3A_human_machine_dialogue-main/UPSSITECH_3A_human_machine_dialogue-main/AGENDA_V1/gestion_agenda_v1.vxml'; line 58, column 10

2025-Oct-01 16:55:55.468 INFO {vxmlDialog_0} <Interpretation tracking> [VoiceXML interpreter]
Interpreting <field> with name 'num_abonne'; line 49; column 1.

2025-Oct-01 16:55:55.468 INFO {vxmlDialog_0} <Interpretation tracking> [VoiceXML interpreter]
Waiting for user's input.

2025-Oct-01 16:56:03.484 INFO {vxmlDialog_0} <Interpretation tracking> [VoiceXML interpreter]
An event 'noinput' was added to the event queue

2025-Oct-01 16:56:03.484 INFO {vxmlDialog_0} <Interpretation tracking> [VoiceXML interpreter]
User's input collection completed.

2025-Oct-01 16:56:03.484 INFO {vxmlDialog_0} <Interpretation tracking> [VoiceXML interpreter]
Processing event 'noinput'.
  Event origin = document 'file:/C:/Users/blt3098a/Documents/UPSSITECH_3A_human_machine_dialogue-main/UPSSITECH_3A_human_machine_dialogue-main/AGENDA_V1/gestion_agenda_v1.vxml'; line 49
  Handler location = document 'file:/C:/Users/blt3098a/Documents/UPSSITECH_3A_human_machine_dialogue-main/UPSSITECH_3A_human_machine_dialogue-main/AGENDA_V1/gestion_agenda_v1.vxml'; line 58, column 10

2025-Oct-01 16:56:03.484 INFO {vxmlDialog_0} <Interpretation tracking> [VoiceXML interpreter]
Interpreting <field> with name 'num_abonne'; line 49; column 1.

2025-Oct-01 16:56:03.484 INFO {vxmlDialog_0} <Interpretation tracking> [VoiceXML interpreter]
Waiting for user's input.

2025-Oct-01 16:56:11.495 INFO {vxmlDialog_0} <Interpretation tracking> [VoiceXML interpreter]
An event 'noinput' was added to the event queue

2025-Oct-01 16:56:11.495 INFO {vxmlDialog_0} <Interpretation tracking> [VoiceXML interpreter]
User's input collection completed.

2025-Oct-01 16:56:11.495 INFO {vxmlDialog_0} <Interpretation tracking> [VoiceXML interpreter]
Processing event 'noinput'.
  Event origin = document 'file:/C:/Users/blt3098a/Documents/UPSSITECH_3A_human_machine_dialogue-main/UPSSITECH_3A_human_machine_dialogue-main/AGENDA_V1/gestion_agenda_v1.vxml'; line 49
  Handler location = document 'file:/C:/Users/blt3098a/Documents/UPSSITECH_3A_human_machine_dialogue-main/UPSSITECH_3A_human_machine_dialogue-main/AGENDA_V1/gestion_agenda_v1.vxml'; line 58, column 10

2025-Oct-01 16:56:11.499 INFO {vxmlDialog_0} <Interpretation tracking> [VoiceXML interpreter]
Interpreting <field> with name 'num_abonne'; line 49; column 1.

2025-Oct-01 16:56:11.499 INFO {vxmlDialog_0} <Interpretation tracking> [VoiceXML interpreter]
Waiting for user's input.

2025-Oct-01 16:56:19.508 INFO {vxmlDialog_0} <Interpretation tracking> [VoiceXML interpreter]
An event 'noinput' was added to the event queue

2025-Oct-01 16:56:19.508 INFO {vxmlDialog_0} <Interpretation tracking> [VoiceXML interpreter]
User's input collection completed.

2025-Oct-01 16:56:19.508 INFO {vxmlDialog_0} <Interpretation tracking> [VoiceXML interpreter]
Processing event 'noinput'.
  Event origin = document 'file:/C:/Users/blt3098a/Documents/UPSSITECH_3A_human_machine_dialogue-main/UPSSITECH_3A_human_machine_dialogue-main/AGENDA_V1/gestion_agenda_v1.vxml'; line 49
  Handler location = document 'file:/C:/Users/blt3098a/Documents/UPSSITECH_3A_human_machine_dialogue-main/UPSSITECH_3A_human_machine_dialogue-main/AGENDA_V1/gestion_agenda_v1.vxml'; line 58, column 10

2025-Oct-01 16:56:19.508 INFO {vxmlDialog_0} <Interpretation tracking> [VoiceXML interpreter]
Interpreting <field> with name 'num_abonne'; line 49; column 1.

2025-Oct-01 16:56:19.508 INFO {vxmlDialog_0} <Interpretation tracking> [VoiceXML interpreter]
Waiting for user's input.

2025-Oct-01 16:56:27.518 INFO {vxmlDialog_0} <Interpretation tracking> [VoiceXML interpreter]
An event 'noinput' was added to the event queue

2025-Oct-01 16:56:27.518 INFO {vxmlDialog_0} <Interpretation tracking> [VoiceXML interpreter]
User's input collection completed.

2025-Oct-01 16:56:27.518 INFO {vxmlDialog_0} <Interpretation tracking> [VoiceXML interpreter]
Processing event 'noinput'.
  Event origin = document 'file:/C:/Users/blt3098a/Documents/UPSSITECH_3A_human_machine_dialogue-main/UPSSITECH_3A_human_machine_dialogue-main/AGENDA_V1/gestion_agenda_v1.vxml'; line 49
  Handler location = document 'file:/C:/Users/blt3098a/Documents/UPSSITECH_3A_human_machine_dialogue-main/UPSSITECH_3A_human_machine_dialogue-main/AGENDA_V1/gestion_agenda_v1.vxml'; line 58, column 10

2025-Oct-01 16:56:27.518 INFO {vxmlDialog_0} <Interpretation tracking> [VoiceXML interpreter]
Interpreting <field> with name 'num_abonne'; line 49; column 1.

2025-Oct-01 16:56:27.518 INFO {vxmlDialog_0} <Interpretation tracking> [VoiceXML interpreter]
Waiting for user's input.

2025-Oct-01 16:56:35.522 INFO {vxmlDialog_0} <Interpretation tracking> [VoiceXML interpreter]
An event 'noinput' was added to the event queue

2025-Oct-01 16:56:35.522 INFO {vxmlDialog_0} <Interpretation tracking> [VoiceXML interpreter]
User's input collection completed.

2025-Oct-01 16:56:35.524 INFO {vxmlDialog_0} <Interpretation tracking> [VoiceXML interpreter]
Processing event 'noinput'.
  Event origin = document 'file:/C:/Users/blt3098a/Documents/UPSSITECH_3A_human_machine_dialogue-main/UPSSITECH_3A_human_machine_dialogue-main/AGENDA_V1/gestion_agenda_v1.vxml'; line 49
  Handler location = document 'file:/C:/Users/blt3098a/Documents/UPSSITECH_3A_human_machine_dialogue-main/UPSSITECH_3A_human_machine_dialogue-main/AGENDA_V1/gestion_agenda_v1.vxml'; line 58, column 10

2025-Oct-01 16:56:35.527 INFO {vxmlDialog_0} <Interpretation tracking> [VoiceXML interpreter]
Interpreting <field> with name 'num_abonne'; line 49; column 1.

2025-Oct-01 16:56:35.527 INFO {vxmlDialog_0} <Interpretation tracking> [VoiceXML interpreter]
Waiting for user's input.

2025-Oct-01 16:56:43.540 INFO {vxmlDialog_0} <Interpretation tracking> [VoiceXML interpreter]
An event 'noinput' was added to the event queue

2025-Oct-01 16:56:43.540 INFO {vxmlDialog_0} <Interpretation tracking> [VoiceXML interpreter]
User's input collection completed.

2025-Oct-01 16:56:43.540 INFO {vxmlDialog_0} <Interpretation tracking> [VoiceXML interpreter]
Processing event 'noinput'.
  Event origin = document 'file:/C:/Users/blt3098a/Documents/UPSSITECH_3A_human_machine_dialogue-main/UPSSITECH_3A_human_machine_dialogue-main/AGENDA_V1/gestion_agenda_v1.vxml'; line 49
  Handler location = document 'file:/C:/Users/blt3098a/Documents/UPSSITECH_3A_human_machine_dialogue-main/UPSSITECH_3A_human_machine_dialogue-main/AGENDA_V1/gestion_agenda_v1.vxml'; line 58, column 10

2025-Oct-01 16:56:43.544 INFO {vxmlDialog_0} <Interpretation tracking> [VoiceXML interpreter]
Interpreting <field> with name 'num_abonne'; line 49; column 1.

2025-Oct-01 16:56:43.544 INFO {vxmlDialog_0} <Interpretation tracking> [VoiceXML interpreter]
Waiting for user's input.

2025-Oct-01 16:56:51.546 INFO {vxmlDialog_0} <Interpretation tracking> [VoiceXML interpreter]
An event 'noinput' was added to the event queue

2025-Oct-01 16:56:51.546 INFO {vxmlDialog_0} <Interpretation tracking> [VoiceXML interpreter]
User's input collection completed.

2025-Oct-01 16:56:51.546 INFO {vxmlDialog_0} <Interpretation tracking> [VoiceXML interpreter]
Processing event 'noinput'.
  Event origin = document 'file:/C:/Users/blt3098a/Documents/UPSSITECH_3A_human_machine_dialogue-main/UPSSITECH_3A_human_machine_dialogue-main/AGENDA_V1/gestion_agenda_v1.vxml'; line 49
  Handler location = document 'file:/C:/Users/blt3098a/Documents/UPSSITECH_3A_human_machine_dialogue-main/UPSSITECH_3A_human_machine_dialogue-main/AGENDA_V1/gestion_agenda_v1.vxml'; line 58, column 10

2025-Oct-01 16:56:51.546 INFO {vxmlDialog_0} <Interpretation tracking> [VoiceXML interpreter]
Interpreting <field> with name 'num_abonne'; line 49; column 1.

2025-Oct-01 16:56:51.546 INFO {vxmlDialog_0} <Interpretation tracking> [VoiceXML interpreter]
Waiting for user's input.

2025-Oct-01 16:56:59.549 INFO {vxmlDialog_0} <Interpretation tracking> [VoiceXML interpreter]
An event 'noinput' was added to the event queue

2025-Oct-01 16:56:59.549 INFO {vxmlDialog_0} <Interpretation tracking> [VoiceXML interpreter]
User's input collection completed.

2025-Oct-01 16:56:59.549 INFO {vxmlDialog_0} <Interpretation tracking> [VoiceXML interpreter]
Processing event 'noinput'.
  Event origin = document 'file:/C:/Users/blt3098a/Documents/UPSSITECH_3A_human_machine_dialogue-main/UPSSITECH_3A_human_machine_dialogue-main/AGENDA_V1/gestion_agenda_v1.vxml'; line 49
  Handler location = document 'file:/C:/Users/blt3098a/Documents/UPSSITECH_3A_human_machine_dialogue-main/UPSSITECH_3A_human_machine_dialogue-main/AGENDA_V1/gestion_agenda_v1.vxml'; line 58, column 10

2025-Oct-01 16:56:59.553 INFO {vxmlDialog_0} <Interpretation tracking> [VoiceXML interpreter]
Interpreting <field> with name 'num_abonne'; line 49; column 1.

2025-Oct-01 16:56:59.553 INFO {vxmlDialog_0} <Interpretation tracking> [VoiceXML interpreter]
Waiting for user's input.

2025-Oct-01 16:57:07.556 INFO {vxmlDialog_0} <Interpretation tracking> [VoiceXML interpreter]
An event 'noinput' was added to the event queue

2025-Oct-01 16:57:07.556 INFO {vxmlDialog_0} <Interpretation tracking> [VoiceXML interpreter]
User's input collection completed.

2025-Oct-01 16:57:07.556 INFO {vxmlDialog_0} <Interpretation tracking> [VoiceXML interpreter]
Processing event 'noinput'.
  Event origin = document 'file:/C:/Users/blt3098a/Documents/UPSSITECH_3A_human_machine_dialogue-main/UPSSITECH_3A_human_machine_dialogue-main/AGENDA_V1/gestion_agenda_v1.vxml'; line 49
  Handler location = document 'file:/C:/Users/blt3098a/Documents/UPSSITECH_3A_human_machine_dialogue-main/UPSSITECH_3A_human_machine_dialogue-main/AGENDA_V1/gestion_agenda_v1.vxml'; line 58, column 10

2025-Oct-01 16:57:07.559 INFO {vxmlDialog_0} <Interpretation tracking> [VoiceXML interpreter]
Interpreting <field> with name 'num_abonne'; line 49; column 1.

2025-Oct-01 16:57:07.559 INFO {vxmlDialog_0} <Interpretation tracking> [VoiceXML interpreter]
Waiting for user's input.

2025-Oct-01 16:57:15.564 INFO {vxmlDialog_0} <Interpretation tracking> [VoiceXML interpreter]
An event 'noinput' was added to the event queue

2025-Oct-01 16:57:15.564 INFO {vxmlDialog_0} <Interpretation tracking> [VoiceXML interpreter]
User's input collection completed.

2025-Oct-01 16:57:15.564 INFO {vxmlDialog_0} <Interpretation tracking> [VoiceXML interpreter]
Processing event 'noinput'.
  Event origin = document 'file:/C:/Users/blt3098a/Documents/UPSSITECH_3A_human_machine_dialogue-main/UPSSITECH_3A_human_machine_dialogue-main/AGENDA_V1/gestion_agenda_v1.vxml'; line 49
  Handler location = document 'file:/C:/Users/blt3098a/Documents/UPSSITECH_3A_human_machine_dialogue-main/UPSSITECH_3A_human_machine_dialogue-main/AGENDA_V1/gestion_agenda_v1.vxml'; line 58, column 10

2025-Oct-01 16:57:15.568 INFO {vxmlDialog_0} <Interpretation tracking> [VoiceXML interpreter]
Interpreting <field> with name 'num_abonne'; line 49; column 1.

2025-Oct-01 16:57:15.568 INFO {vxmlDialog_0} <Interpretation tracking> [VoiceXML interpreter]
Waiting for user's input.

2025-Oct-01 16:57:20.487 INFO {vxmlDialog_0} <Interpretation tracking> [VoiceXML interpreter]
User has been disconnected.

2025-Oct-01 16:57:20.487 INFO {vxmlDialog_0} <Interpretation tracking> [VoiceXML interpreter]
An event 'connection.disconnect.hangup' was added to the event queue

2025-Oct-01 16:57:20.492 INFO {vxmlDialog_0} <Interpretation tracking> [VoiceXML interpreter]
User's input collection completed.

2025-Oct-01 16:57:20.492 INFO {vxmlDialog_0} <Interpretation tracking> [VoiceXML interpreter]
Processing event 'connection.disconnect.hangup'.
  Event origin = document 'file:/C:/Users/blt3098a/Documents/UPSSITECH_3A_human_machine_dialogue-main/UPSSITECH_3A_human_machine_dialogue-main/AGENDA_V1/gestion_agenda_v1.vxml'
  Handler location = platform default handler

2025-Oct-01 16:57:20.494 INFO {vxmlDialog_0} <Interpretation tracking> [VoiceXML interpreter]
Interpretation finished.
  value returned by <exit> = 
{
}
  value returned by <disconnect> = 
undefined

2025-Oct-01 16:57:20.627 INFO {N/A} <N/A> [OptimComponents Core]
Deleted session with ID 'vxmlDialog_0'.

